{"D:\\MovieApp\\src\\components\\ErrorBoundary\\ErrorBoundary.js": {"path":"D:\\MovieApp\\src\\components\\ErrorBoundary\\ErrorBoundary.js","statementMap":{"0":{"start":{"line":5,"column":4},"end":{"line":5,"column":17}},"1":{"start":{"line":6,"column":4},"end":{"line":6,"column":37}},"2":{"start":{"line":10,"column":4},"end":{"line":10,"column":50}},"3":{"start":{"line":11,"column":4},"end":{"line":11,"column":30}},"4":{"start":{"line":15,"column":4},"end":{"line":15,"column":50}},"5":{"start":{"line":19,"column":4},"end":{"line":21,"column":5}},"6":{"start":{"line":20,"column":6},"end":{"line":20,"column":43}},"7":{"start":{"line":23,"column":4},"end":{"line":23,"column":31}}},"fnMap":{"0":{"name":"(anonymous_0)","decl":{"start":{"line":4,"column":2},"end":{"line":4,"column":3}},"loc":{"start":{"line":4,"column":21},"end":{"line":7,"column":3}},"line":4},"1":{"name":"(anonymous_1)","decl":{"start":{"line":9,"column":2},"end":{"line":9,"column":3}},"loc":{"start":{"line":9,"column":41},"end":{"line":12,"column":3}},"line":9},"2":{"name":"(anonymous_2)","decl":{"start":{"line":14,"column":2},"end":{"line":14,"column":3}},"loc":{"start":{"line":14,"column":33},"end":{"line":16,"column":3}},"line":14},"3":{"name":"(anonymous_3)","decl":{"start":{"line":18,"column":2},"end":{"line":18,"column":3}},"loc":{"start":{"line":18,"column":11},"end":{"line":24,"column":3}},"line":18}},"branchMap":{"0":{"loc":{"start":{"line":19,"column":4},"end":{"line":21,"column":5}},"type":"if","locations":[{"start":{"line":19,"column":4},"end":{"line":21,"column":5}},{"start":{"line":19,"column":4},"end":{"line":21,"column":5}}],"line":19}},"s":{"0":2,"1":2,"2":0,"3":0,"4":0,"5":3,"6":1,"7":2},"f":{"0":2,"1":0,"2":0,"3":3},"b":{"0":[1,2]},"_coverageSchema":"43e27e138ebf9cfc5966b082cf9a028302ed4184","hash":"618fb12d7fbeb2f8089190bbd12ddc68f0be4d88"}
,"D:\\MovieApp\\src\\components\\Footer\\Footer.js": {"path":"D:\\MovieApp\\src\\components\\Footer\\Footer.js","statementMap":{"0":{"start":{"line":7,"column":4},"end":{"line":13,"column":5}}},"fnMap":{"0":{"name":"Footer","decl":{"start":{"line":6,"column":24},"end":{"line":6,"column":30}},"loc":{"start":{"line":6,"column":33},"end":{"line":14,"column":1}},"line":6}},"branchMap":{},"s":{"0":1},"f":{"0":1},"b":{},"_coverageSchema":"43e27e138ebf9cfc5966b082cf9a028302ed4184","hash":"8fa7d2514935ee51786a31012a5498a1587bc4a2"}
,"D:\\MovieApp\\src\\components\\Header\\Header.js": {"path":"D:\\MovieApp\\src\\components\\Header\\Header.js","statementMap":{"0":{"start":{"line":10,"column":2},"end":{"line":17,"column":3}}},"fnMap":{"0":{"name":"Header","decl":{"start":{"line":8,"column":24},"end":{"line":8,"column":30}},"loc":{"start":{"line":8,"column":56},"end":{"line":18,"column":1}},"line":8}},"branchMap":{},"s":{"0":1},"f":{"0":1},"b":{},"_coverageSchema":"43e27e138ebf9cfc5966b082cf9a028302ed4184","hash":"0ae6e000eda8396d8ab8e2c916a3d91fcd97e3a5"}
,"D:\\MovieApp\\src\\components\\Logo\\Logo.js": {"path":"D:\\MovieApp\\src\\components\\Logo\\Logo.js","statementMap":{"0":{"start":{"line":7,"column":2},"end":{"line":11,"column":3}}},"fnMap":{"0":{"name":"Logo","decl":{"start":{"line":6,"column":24},"end":{"line":6,"column":28}},"loc":{"start":{"line":6,"column":31},"end":{"line":12,"column":1}},"line":6}},"branchMap":{},"s":{"0":1},"f":{"0":1},"b":{},"_coverageSchema":"43e27e138ebf9cfc5966b082cf9a028302ed4184","hash":"63fcbdf99641db85f58434843b5b3019fa19de15"}
,"D:\\MovieApp\\src\\components\\Movie\\mocks\\movieReducerSelector.js": {"path":"D:\\MovieApp\\src\\components\\Movie\\mocks\\movieReducerSelector.js","statementMap":{"0":{"start":{"line":1,"column":36},"end":{"line":236,"column":1}}},"fnMap":{},"branchMap":{},"s":{"0":1},"f":{},"b":{},"_coverageSchema":"43e27e138ebf9cfc5966b082cf9a028302ed4184","hash":"26c3c3500a89669811e0177ae4a56be04a50da31"}
,"D:\\MovieApp\\src\\components\\Movie\\selectors\\index.js": {"path":"D:\\MovieApp\\src\\components\\Movie\\selectors\\index.js","statementMap":{"0":{"start":{"line":3,"column":36},"end":{"line":3,"column":65}},"1":{"start":{"line":3,"column":47},"end":{"line":3,"column":65}},"2":{"start":{"line":5,"column":27},"end":{"line":8,"column":1}},"3":{"start":{"line":7,"column":28},"end":{"line":7,"column":54}},"4":{"start":{"line":10,"column":36},"end":{"line":13,"column":1}},"5":{"start":{"line":12,"column":28},"end":{"line":12,"column":63}}},"fnMap":{"0":{"name":"(anonymous_0)","decl":{"start":{"line":3,"column":36},"end":{"line":3,"column":37}},"loc":{"start":{"line":3,"column":47},"end":{"line":3,"column":65}},"line":3},"1":{"name":"(anonymous_1)","decl":{"start":{"line":7,"column":2},"end":{"line":7,"column":3}},"loc":{"start":{"line":7,"column":28},"end":{"line":7,"column":54}},"line":7},"2":{"name":"(anonymous_2)","decl":{"start":{"line":12,"column":2},"end":{"line":12,"column":3}},"loc":{"start":{"line":12,"column":28},"end":{"line":12,"column":63}},"line":12}},"branchMap":{},"s":{"0":2,"1":2,"2":2,"3":1,"4":2,"5":1},"f":{"0":2,"1":1,"2":1},"b":{},"_coverageSchema":"43e27e138ebf9cfc5966b082cf9a028302ed4184","hash":"0b10f60f486a4735b0f63fe33afcd2eaa561e4a1"}
,"D:\\MovieApp\\src\\components\\MoviePreview\\MoviePreview.js": {"path":"D:\\MovieApp\\src\\components\\MoviePreview\\MoviePreview.js","statementMap":{"0":{"start":{"line":9,"column":20},"end":{"line":9,"column":38}},"1":{"start":{"line":10,"column":22},"end":{"line":10,"column":39}},"2":{"start":{"line":11,"column":2},"end":{"line":24,"column":4}}},"fnMap":{"0":{"name":"MoviePreview","decl":{"start":{"line":8,"column":24},"end":{"line":8,"column":36}},"loc":{"start":{"line":8,"column":77},"end":{"line":25,"column":1}},"line":8}},"branchMap":{},"s":{"0":1,"1":1,"2":1},"f":{"0":1},"b":{},"_coverageSchema":"43e27e138ebf9cfc5966b082cf9a028302ed4184","hash":"032f8cafffd08746fd0e2e01ffecec6d3b8c1709"}
,"D:\\MovieApp\\src\\components\\MoviePreviews\\MoviePreviews.js": {"path":"D:\\MovieApp\\src\\components\\MoviePreviews\\MoviePreviews.js","statementMap":{"0":{"start":{"line":8,"column":2},"end":{"line":10,"column":3}},"1":{"start":{"line":9,"column":4},"end":{"line":9,"column":16}},"2":{"start":{"line":12,"column":2},"end":{"line":27,"column":4}},"3":{"start":{"line":15,"column":8},"end":{"line":24,"column":10}}},"fnMap":{"0":{"name":"MoviePreviews","decl":{"start":{"line":7,"column":16},"end":{"line":7,"column":29}},"loc":{"start":{"line":7,"column":42},"end":{"line":28,"column":1}},"line":7},"1":{"name":"(anonymous_1)","decl":{"start":{"line":14,"column":18},"end":{"line":14,"column":19}},"loc":{"start":{"line":14,"column":72},"end":{"line":25,"column":7}},"line":14}},"branchMap":{"0":{"loc":{"start":{"line":8,"column":2},"end":{"line":10,"column":3}},"type":"if","locations":[{"start":{"line":8,"column":2},"end":{"line":10,"column":3}},{"start":{"line":8,"column":2},"end":{"line":10,"column":3}}],"line":8}},"s":{"0":2,"1":1,"2":1,"3":2},"f":{"0":2,"1":2},"b":{"0":[1,1]},"_coverageSchema":"43e27e138ebf9cfc5966b082cf9a028302ed4184","hash":"5b2c3d2acdab33fa6f5be93421a021e1c1b55f34"}
,"D:\\MovieApp\\src\\components\\MoviePreviews\\mocks\\movieList.js": {"path":"D:\\MovieApp\\src\\components\\MoviePreviews\\mocks\\movieList.js","statementMap":{"0":{"start":{"line":1,"column":28},"end":{"line":38,"column":1}}},"fnMap":{},"branchMap":{},"s":{"0":1},"f":{},"b":{},"_coverageSchema":"43e27e138ebf9cfc5966b082cf9a028302ed4184","hash":"5e76d5f00319dbf5dc7b6be379fd2b5c6fdba55e"}
,"D:\\MovieApp\\src\\components\\Search\\Search.js": {"path":"D:\\MovieApp\\src\\components\\Search\\Search.js","statementMap":{"0":{"start":{"line":9,"column":4},"end":{"line":9,"column":17}},"1":{"start":{"line":10,"column":4},"end":{"line":13,"column":6}},"2":{"start":{"line":17,"column":4},"end":{"line":17,"column":34}},"3":{"start":{"line":21,"column":4},"end":{"line":23,"column":7}},"4":{"start":{"line":27,"column":4},"end":{"line":27,"column":23}},"5":{"start":{"line":28,"column":4},"end":{"line":31,"column":5}},"6":{"start":{"line":29,"column":6},"end":{"line":29,"column":60}},"7":{"start":{"line":30,"column":6},"end":{"line":30,"column":98}},"8":{"start":{"line":35,"column":4},"end":{"line":70,"column":5}},"9":{"start":{"line":54,"column":29},"end":{"line":54,"column":58}},"10":{"start":{"line":62,"column":29},"end":{"line":62,"column":59}}},"fnMap":{"0":{"name":"(anonymous_0)","decl":{"start":{"line":8,"column":2},"end":{"line":8,"column":3}},"loc":{"start":{"line":8,"column":21},"end":{"line":14,"column":3}},"line":8},"1":{"name":"(anonymous_1)","decl":{"start":{"line":16,"column":20},"end":{"line":16,"column":21}},"loc":{"start":{"line":16,"column":30},"end":{"line":18,"column":3}},"line":16},"2":{"name":"(anonymous_2)","decl":{"start":{"line":20,"column":18},"end":{"line":20,"column":19}},"loc":{"start":{"line":20,"column":25},"end":{"line":24,"column":3}},"line":20},"3":{"name":"(anonymous_3)","decl":{"start":{"line":26,"column":17},"end":{"line":26,"column":18}},"loc":{"start":{"line":26,"column":24},"end":{"line":32,"column":3}},"line":26},"4":{"name":"(anonymous_4)","decl":{"start":{"line":34,"column":2},"end":{"line":34,"column":3}},"loc":{"start":{"line":34,"column":11},"end":{"line":71,"column":3}},"line":34},"5":{"name":"(anonymous_5)","decl":{"start":{"line":54,"column":23},"end":{"line":54,"column":24}},"loc":{"start":{"line":54,"column":29},"end":{"line":54,"column":58}},"line":54},"6":{"name":"(anonymous_6)","decl":{"start":{"line":62,"column":23},"end":{"line":62,"column":24}},"loc":{"start":{"line":62,"column":29},"end":{"line":62,"column":59}},"line":62}},"branchMap":{"0":{"loc":{"start":{"line":28,"column":4},"end":{"line":31,"column":5}},"type":"if","locations":[{"start":{"line":28,"column":4},"end":{"line":31,"column":5}},{"start":{"line":28,"column":4},"end":{"line":31,"column":5}}],"line":28}},"s":{"0":2,"1":2,"2":2,"3":1,"4":0,"5":0,"6":0,"7":0,"8":5,"9":1,"10":1},"f":{"0":2,"1":2,"2":1,"3":0,"4":5,"5":1,"6":1},"b":{"0":[0,0]},"_coverageSchema":"43e27e138ebf9cfc5966b082cf9a028302ed4184","hash":"928a658014f2ec9c76c17e1e7bb40847c40f000e"}
,"D:\\MovieApp\\src\\components\\SimilarResults\\SimilarResults.js": {"path":"D:\\MovieApp\\src\\components\\SimilarResults\\SimilarResults.js","statementMap":{"0":{"start":{"line":9,"column":2},"end":{"line":11,"column":3}},"1":{"start":{"line":10,"column":4},"end":{"line":10,"column":16}},"2":{"start":{"line":13,"column":2},"end":{"line":15,"column":3}},"3":{"start":{"line":18,"column":24},"end":{"line":20,"column":2}},"4":{"start":{"line":18,"column":36},"end":{"line":20,"column":1}}},"fnMap":{"0":{"name":"SimilarResults","decl":{"start":{"line":8,"column":16},"end":{"line":8,"column":30}},"loc":{"start":{"line":8,"column":51},"end":{"line":16,"column":1}},"line":8},"1":{"name":"(anonymous_1)","decl":{"start":{"line":18,"column":24},"end":{"line":18,"column":25}},"loc":{"start":{"line":18,"column":36},"end":{"line":20,"column":1}},"line":18}},"branchMap":{"0":{"loc":{"start":{"line":9,"column":2},"end":{"line":11,"column":3}},"type":"if","locations":[{"start":{"line":9,"column":2},"end":{"line":11,"column":3}},{"start":{"line":9,"column":2},"end":{"line":11,"column":3}}],"line":9}},"s":{"0":2,"1":1,"2":1,"3":1,"4":0},"f":{"0":2,"1":0},"b":{"0":[1,1]},"_coverageSchema":"43e27e138ebf9cfc5966b082cf9a028302ed4184","hash":"cde68bca1d126027e8e0049a4b24966425cbf83e"}
,"D:\\MovieApp\\src\\components\\SimilarResults\\mocks\\movieList.js": {"path":"D:\\MovieApp\\src\\components\\SimilarResults\\mocks\\movieList.js","statementMap":{"0":{"start":{"line":1,"column":28},"end":{"line":38,"column":1}}},"fnMap":{},"branchMap":{},"s":{"0":1},"f":{},"b":{},"_coverageSchema":"43e27e138ebf9cfc5966b082cf9a028302ed4184","hash":"da80ec75303a745e876069f70ee763a9a649daf0"}
,"D:\\MovieApp\\src\\utils\\helpers.js": {"path":"D:\\MovieApp\\src\\utils\\helpers.js","statementMap":{"0":{"start":{"line":1,"column":28},"end":{"line":3,"column":1}},"1":{"start":{"line":2,"column":2},"end":{"line":2,"column":37}},"2":{"start":{"line":5,"column":23},"end":{"line":7,"column":1}},"3":{"start":{"line":6,"column":2},"end":{"line":6,"column":39}},"4":{"start":{"line":6,"column":19},"end":{"line":6,"column":38}}},"fnMap":{"0":{"name":"(anonymous_0)","decl":{"start":{"line":1,"column":28},"end":{"line":1,"column":29}},"loc":{"start":{"line":2,"column":2},"end":{"line":2,"column":37}},"line":2},"1":{"name":"(anonymous_1)","decl":{"start":{"line":5,"column":23},"end":{"line":5,"column":24}},"loc":{"start":{"line":6,"column":2},"end":{"line":6,"column":39}},"line":6},"2":{"name":"(anonymous_2)","decl":{"start":{"line":6,"column":13},"end":{"line":6,"column":14}},"loc":{"start":{"line":6,"column":19},"end":{"line":6,"column":38}},"line":6}},"branchMap":{},"s":{"0":4,"1":3,"2":4,"3":1,"4":3},"f":{"0":3,"1":1,"2":3},"b":{},"_coverageSchema":"43e27e138ebf9cfc5966b082cf9a028302ed4184","hash":"90a238233794785a93ab2779a2a4e947461693be"}
}
