{"D:\\MovieApp\\src\\components\\AppWrapper\\AppWrapper.js": {"path":"D:\\MovieApp\\src\\components\\AppWrapper\\AppWrapper.js","statementMap":{"0":{"start":{"line":14,"column":2},"end":{"line":24,"column":4}}},"fnMap":{"0":{"name":"AppWrapper","decl":{"start":{"line":13,"column":24},"end":{"line":13,"column":34}},"loc":{"start":{"line":13,"column":37},"end":{"line":25,"column":1}},"line":13}},"branchMap":{},"s":{"0":1},"f":{"0":1},"b":{},"_coverageSchema":"43e27e138ebf9cfc5966b082cf9a028302ed4184","hash":"04e8ed4cfe7f82e24562efe191e505ac1f8c8fa8"}
,"D:\\MovieApp\\src\\components\\ErrorBoundary\\ErrorBoundary.js": {"path":"D:\\MovieApp\\src\\components\\ErrorBoundary\\ErrorBoundary.js","statementMap":{"0":{"start":{"line":5,"column":4},"end":{"line":5,"column":17}},"1":{"start":{"line":6,"column":4},"end":{"line":6,"column":37}},"2":{"start":{"line":10,"column":4},"end":{"line":10,"column":50}},"3":{"start":{"line":11,"column":4},"end":{"line":11,"column":30}},"4":{"start":{"line":15,"column":4},"end":{"line":15,"column":50}},"5":{"start":{"line":19,"column":4},"end":{"line":21,"column":5}},"6":{"start":{"line":20,"column":6},"end":{"line":20,"column":43}},"7":{"start":{"line":23,"column":4},"end":{"line":23,"column":31}}},"fnMap":{"0":{"name":"(anonymous_0)","decl":{"start":{"line":4,"column":2},"end":{"line":4,"column":3}},"loc":{"start":{"line":4,"column":21},"end":{"line":7,"column":3}},"line":4},"1":{"name":"(anonymous_1)","decl":{"start":{"line":9,"column":2},"end":{"line":9,"column":3}},"loc":{"start":{"line":9,"column":41},"end":{"line":12,"column":3}},"line":9},"2":{"name":"(anonymous_2)","decl":{"start":{"line":14,"column":2},"end":{"line":14,"column":3}},"loc":{"start":{"line":14,"column":33},"end":{"line":16,"column":3}},"line":14},"3":{"name":"(anonymous_3)","decl":{"start":{"line":18,"column":2},"end":{"line":18,"column":3}},"loc":{"start":{"line":18,"column":11},"end":{"line":24,"column":3}},"line":18}},"branchMap":{"0":{"loc":{"start":{"line":19,"column":4},"end":{"line":21,"column":5}},"type":"if","locations":[{"start":{"line":19,"column":4},"end":{"line":21,"column":5}},{"start":{"line":19,"column":4},"end":{"line":21,"column":5}}],"line":19}},"s":{"0":2,"1":2,"2":0,"3":0,"4":0,"5":3,"6":1,"7":2},"f":{"0":2,"1":0,"2":0,"3":3},"b":{"0":[1,2]},"_coverageSchema":"43e27e138ebf9cfc5966b082cf9a028302ed4184","hash":"618fb12d7fbeb2f8089190bbd12ddc68f0be4d88"}
,"D:\\MovieApp\\src\\components\\Footer\\Footer.js": {"path":"D:\\MovieApp\\src\\components\\Footer\\Footer.js","statementMap":{"0":{"start":{"line":7,"column":4},"end":{"line":13,"column":5}}},"fnMap":{"0":{"name":"Footer","decl":{"start":{"line":6,"column":24},"end":{"line":6,"column":30}},"loc":{"start":{"line":6,"column":33},"end":{"line":14,"column":1}},"line":6}},"branchMap":{},"s":{"0":1},"f":{"0":1},"b":{},"_coverageSchema":"43e27e138ebf9cfc5966b082cf9a028302ed4184","hash":"8fa7d2514935ee51786a31012a5498a1587bc4a2"}
,"D:\\MovieApp\\src\\components\\Header\\Header.js": {"path":"D:\\MovieApp\\src\\components\\Header\\Header.js","statementMap":{"0":{"start":{"line":10,"column":2},"end":{"line":17,"column":3}}},"fnMap":{"0":{"name":"Header","decl":{"start":{"line":8,"column":24},"end":{"line":8,"column":30}},"loc":{"start":{"line":8,"column":56},"end":{"line":18,"column":1}},"line":8}},"branchMap":{},"s":{"0":1},"f":{"0":1},"b":{},"_coverageSchema":"43e27e138ebf9cfc5966b082cf9a028302ed4184","hash":"0ae6e000eda8396d8ab8e2c916a3d91fcd97e3a5"}
,"D:\\MovieApp\\src\\components\\Logo\\Logo.js": {"path":"D:\\MovieApp\\src\\components\\Logo\\Logo.js","statementMap":{"0":{"start":{"line":7,"column":2},"end":{"line":11,"column":3}}},"fnMap":{"0":{"name":"Logo","decl":{"start":{"line":6,"column":24},"end":{"line":6,"column":28}},"loc":{"start":{"line":6,"column":31},"end":{"line":12,"column":1}},"line":6}},"branchMap":{},"s":{"0":1},"f":{"0":1},"b":{},"_coverageSchema":"43e27e138ebf9cfc5966b082cf9a028302ed4184","hash":"63fcbdf99641db85f58434843b5b3019fa19de15"}
,"D:\\MovieApp\\src\\components\\Movie\\Movie.js": {"path":"D:\\MovieApp\\src\\components\\Movie\\Movie.js","statementMap":{"0":{"start":{"line":13,"column":24},"end":{"line":13,"column":47}},"1":{"start":{"line":14,"column":4},"end":{"line":14,"column":32}},"2":{"start":{"line":18,"column":25},"end":{"line":18,"column":47}},"3":{"start":{"line":19,"column":25},"end":{"line":19,"column":46}},"4":{"start":{"line":21,"column":4},"end":{"line":24,"column":5}},"5":{"start":{"line":22,"column":43},"end":{"line":22,"column":53}},"6":{"start":{"line":23,"column":6},"end":{"line":23,"column":31}},"7":{"start":{"line":28,"column":22},"end":{"line":28,"column":32}},"8":{"start":{"line":30,"column":4},"end":{"line":32,"column":5}},"9":{"start":{"line":31,"column":6},"end":{"line":31,"column":18}},"10":{"start":{"line":34,"column":91},"end":{"line":34,"column":96}},"11":{"start":{"line":35,"column":22},"end":{"line":35,"column":48}},"12":{"start":{"line":36,"column":4},"end":{"line":52,"column":6}},"13":{"start":{"line":56,"column":27},"end":{"line":59,"column":2}},"14":{"start":{"line":56,"column":42},"end":{"line":59,"column":1}},"15":{"start":{"line":57,"column":23},"end":{"line":57,"column":50}},"16":{"start":{"line":58,"column":33},"end":{"line":58,"column":68}},"17":{"start":{"line":61,"column":24},"end":{"line":63,"column":2}},"18":{"start":{"line":61,"column":36},"end":{"line":63,"column":1}}},"fnMap":{"0":{"name":"(anonymous_0)","decl":{"start":{"line":12,"column":2},"end":{"line":12,"column":3}},"loc":{"start":{"line":12,"column":22},"end":{"line":15,"column":3}},"line":12},"1":{"name":"(anonymous_1)","decl":{"start":{"line":17,"column":2},"end":{"line":17,"column":3}},"loc":{"start":{"line":17,"column":32},"end":{"line":25,"column":3}},"line":17},"2":{"name":"(anonymous_2)","decl":{"start":{"line":27,"column":2},"end":{"line":27,"column":3}},"loc":{"start":{"line":27,"column":11},"end":{"line":53,"column":3}},"line":27},"3":{"name":"(anonymous_3)","decl":{"start":{"line":56,"column":27},"end":{"line":56,"column":28}},"loc":{"start":{"line":56,"column":42},"end":{"line":59,"column":1}},"line":56},"4":{"name":"(anonymous_4)","decl":{"start":{"line":57,"column":12},"end":{"line":57,"column":13}},"loc":{"start":{"line":57,"column":23},"end":{"line":57,"column":50}},"line":57},"5":{"name":"(anonymous_5)","decl":{"start":{"line":58,"column":21},"end":{"line":58,"column":22}},"loc":{"start":{"line":58,"column":33},"end":{"line":58,"column":68}},"line":58},"6":{"name":"(anonymous_6)","decl":{"start":{"line":61,"column":24},"end":{"line":61,"column":25}},"loc":{"start":{"line":61,"column":36},"end":{"line":63,"column":1}},"line":61}},"branchMap":{"0":{"loc":{"start":{"line":18,"column":25},"end":{"line":18,"column":47}},"type":"binary-expr","locations":[{"start":{"line":18,"column":25},"end":{"line":18,"column":41}},{"start":{"line":18,"column":45},"end":{"line":18,"column":47}}],"line":18},"1":{"loc":{"start":{"line":19,"column":25},"end":{"line":19,"column":46}},"type":"binary-expr","locations":[{"start":{"line":19,"column":25},"end":{"line":19,"column":40}},{"start":{"line":19,"column":44},"end":{"line":19,"column":46}}],"line":19},"2":{"loc":{"start":{"line":21,"column":4},"end":{"line":24,"column":5}},"type":"if","locations":[{"start":{"line":21,"column":4},"end":{"line":24,"column":5}},{"start":{"line":21,"column":4},"end":{"line":24,"column":5}}],"line":21},"3":{"loc":{"start":{"line":21,"column":8},"end":{"line":21,"column":84}},"type":"binary-expr","locations":[{"start":{"line":21,"column":8},"end":{"line":21,"column":23}},{"start":{"line":21,"column":28},"end":{"line":21,"column":44}},{"start":{"line":21,"column":48},"end":{"line":21,"column":83}}],"line":21},"4":{"loc":{"start":{"line":30,"column":4},"end":{"line":32,"column":5}},"type":"if","locations":[{"start":{"line":30,"column":4},"end":{"line":32,"column":5}},{"start":{"line":30,"column":4},"end":{"line":32,"column":5}}],"line":30}},"s":{"0":0,"1":0,"2":0,"3":0,"4":0,"5":0,"6":0,"7":0,"8":0,"9":0,"10":0,"11":0,"12":0,"13":1,"14":0,"15":0,"16":0,"17":1,"18":0},"f":{"0":0,"1":0,"2":0,"3":0,"4":0,"5":0,"6":0},"b":{"0":[0,0],"1":[0,0],"2":[0,0],"3":[0,0,0],"4":[0,0]},"_coverageSchema":"43e27e138ebf9cfc5966b082cf9a028302ed4184","hash":"38c220f797cb535e003a9b9588654dc426337209"}
,"D:\\MovieApp\\src\\components\\Movie\\actions\\index.js": {"path":"D:\\MovieApp\\src\\components\\Movie\\actions\\index.js","statementMap":{"0":{"start":{"line":5,"column":24},"end":{"line":7,"column":1}},"1":{"start":{"line":6,"column":2},"end":{"line":6,"column":39}},"2":{"start":{"line":9,"column":26},"end":{"line":11,"column":1}},"3":{"start":{"line":10,"column":2},"end":{"line":10,"column":41}},"4":{"start":{"line":13,"column":33},"end":{"line":15,"column":1}},"5":{"start":{"line":14,"column":2},"end":{"line":14,"column":40}},"6":{"start":{"line":17,"column":35},"end":{"line":19,"column":1}},"7":{"start":{"line":18,"column":2},"end":{"line":18,"column":42}}},"fnMap":{"0":{"name":"(anonymous_0)","decl":{"start":{"line":5,"column":24},"end":{"line":5,"column":25}},"loc":{"start":{"line":6,"column":2},"end":{"line":6,"column":39}},"line":6},"1":{"name":"(anonymous_1)","decl":{"start":{"line":9,"column":26},"end":{"line":9,"column":27}},"loc":{"start":{"line":10,"column":2},"end":{"line":10,"column":41}},"line":10},"2":{"name":"(anonymous_2)","decl":{"start":{"line":13,"column":33},"end":{"line":13,"column":34}},"loc":{"start":{"line":14,"column":2},"end":{"line":14,"column":40}},"line":14},"3":{"name":"(anonymous_3)","decl":{"start":{"line":17,"column":35},"end":{"line":17,"column":36}},"loc":{"start":{"line":18,"column":2},"end":{"line":18,"column":42}},"line":18}},"branchMap":{},"s":{"0":1,"1":0,"2":1,"3":0,"4":1,"5":0,"6":1,"7":0},"f":{"0":0,"1":0,"2":0,"3":0},"b":{},"_coverageSchema":"43e27e138ebf9cfc5966b082cf9a028302ed4184","hash":"09a0f01c044c27110e9aa4acc54ac06be5d297e7"}
,"D:\\MovieApp\\src\\components\\Movie\\actions\\types.js": {"path":"D:\\MovieApp\\src\\components\\Movie\\actions\\types.js","statementMap":{"0":{"start":{"line":1,"column":34},"end":{"line":1,"column":54}},"1":{"start":{"line":2,"column":42},"end":{"line":2,"column":70}},"2":{"start":{"line":3,"column":39},"end":{"line":3,"column":64}},"3":{"start":{"line":4,"column":36},"end":{"line":4,"column":58}},"4":{"start":{"line":6,"column":35},"end":{"line":6,"column":56}},"5":{"start":{"line":7,"column":43},"end":{"line":7,"column":72}},"6":{"start":{"line":8,"column":40},"end":{"line":8,"column":66}},"7":{"start":{"line":9,"column":37},"end":{"line":9,"column":60}}},"fnMap":{},"branchMap":{},"s":{"0":1,"1":1,"2":1,"3":1,"4":1,"5":1,"6":1,"7":1},"f":{},"b":{},"_coverageSchema":"43e27e138ebf9cfc5966b082cf9a028302ed4184","hash":"919c7e4d8fbd716208de6b3ae25605a6542f9a88"}
,"D:\\MovieApp\\src\\components\\Movie\\reducer\\index.js": {"path":"D:\\MovieApp\\src\\components\\Movie\\reducer\\index.js","statementMap":{"0":{"start":{"line":6,"column":21},"end":{"line":9,"column":1}},"1":{"start":{"line":12,"column":2},"end":{"line":29,"column":3}},"2":{"start":{"line":14,"column":6},"end":{"line":14,"column":46}},"3":{"start":{"line":18,"column":6},"end":{"line":18,"column":36}},"4":{"start":{"line":21,"column":6},"end":{"line":21,"column":60}},"5":{"start":{"line":25,"column":6},"end":{"line":25,"column":45}},"6":{"start":{"line":28,"column":6},"end":{"line":28,"column":12}},"7":{"start":{"line":31,"column":2},"end":{"line":31,"column":15}}},"fnMap":{"0":{"name":"movieReducer","decl":{"start":{"line":11,"column":24},"end":{"line":11,"column":36}},"loc":{"start":{"line":11,"column":67},"end":{"line":32,"column":1}},"line":11}},"branchMap":{"0":{"loc":{"start":{"line":11,"column":37},"end":{"line":11,"column":57}},"type":"default-arg","locations":[{"start":{"line":11,"column":45},"end":{"line":11,"column":57}}],"line":11},"1":{"loc":{"start":{"line":12,"column":2},"end":{"line":29,"column":3}},"type":"switch","locations":[{"start":{"line":13,"column":4},"end":{"line":14,"column":46}},{"start":{"line":16,"column":4},"end":{"line":16,"column":28}},{"start":{"line":17,"column":4},"end":{"line":18,"column":36}},{"start":{"line":20,"column":4},"end":{"line":21,"column":60}},{"start":{"line":23,"column":4},"end":{"line":23,"column":29}},{"start":{"line":24,"column":4},"end":{"line":25,"column":45}},{"start":{"line":27,"column":4},"end":{"line":28,"column":12}}],"line":12}},"s":{"0":1,"1":3,"2":0,"3":0,"4":0,"5":0,"6":3,"7":3},"f":{"0":3},"b":{"0":[3],"1":[0,0,0,0,0,0,3]},"_coverageSchema":"43e27e138ebf9cfc5966b082cf9a028302ed4184","hash":"41460e6b2d8ccee67629fe798efc20ae4b56f350"}
,"D:\\MovieApp\\src\\components\\Movie\\saga\\index.js": {"path":"D:\\MovieApp\\src\\components\\Movie\\saga\\index.js","statementMap":{"0":{"start":{"line":9,"column":2},"end":{"line":14,"column":3}},"1":{"start":{"line":10,"column":20},"end":{"line":10,"column":58}},"2":{"start":{"line":11,"column":4},"end":{"line":11,"column":61}},"3":{"start":{"line":13,"column":4},"end":{"line":13,"column":61}},"4":{"start":{"line":18,"column":2},"end":{"line":23,"column":3}},"5":{"start":{"line":19,"column":20},"end":{"line":19,"column":67}},"6":{"start":{"line":20,"column":4},"end":{"line":20,"column":62}},"7":{"start":{"line":22,"column":4},"end":{"line":22,"column":62}},"8":{"start":{"line":27,"column":2},"end":{"line":27,"column":48}},"9":{"start":{"line":28,"column":2},"end":{"line":28,"column":58}}},"fnMap":{"0":{"name":"getMovie","decl":{"start":{"line":8,"column":10},"end":{"line":8,"column":18}},"loc":{"start":{"line":8,"column":27},"end":{"line":15,"column":1}},"line":8},"1":{"name":"getSimilarResults","decl":{"start":{"line":17,"column":10},"end":{"line":17,"column":27}},"loc":{"start":{"line":17,"column":36},"end":{"line":24,"column":1}},"line":17},"2":{"name":"movieSaga","decl":{"start":{"line":26,"column":25},"end":{"line":26,"column":34}},"loc":{"start":{"line":26,"column":37},"end":{"line":29,"column":1}},"line":26}},"branchMap":{},"s":{"0":0,"1":0,"2":0,"3":0,"4":0,"5":0,"6":0,"7":0,"8":1,"9":1},"f":{"0":0,"1":0,"2":1},"b":{},"_coverageSchema":"43e27e138ebf9cfc5966b082cf9a028302ed4184","hash":"880bcad765141c81df07df04a5f66e7f9fe3050f"}
,"D:\\MovieApp\\src\\components\\Movie\\selectors\\index.js": {"path":"D:\\MovieApp\\src\\components\\Movie\\selectors\\index.js","statementMap":{"0":{"start":{"line":3,"column":36},"end":{"line":3,"column":65}},"1":{"start":{"line":3,"column":47},"end":{"line":3,"column":65}},"2":{"start":{"line":5,"column":27},"end":{"line":8,"column":1}},"3":{"start":{"line":7,"column":28},"end":{"line":7,"column":54}},"4":{"start":{"line":10,"column":36},"end":{"line":13,"column":1}},"5":{"start":{"line":12,"column":28},"end":{"line":12,"column":63}}},"fnMap":{"0":{"name":"(anonymous_0)","decl":{"start":{"line":3,"column":36},"end":{"line":3,"column":37}},"loc":{"start":{"line":3,"column":47},"end":{"line":3,"column":65}},"line":3},"1":{"name":"(anonymous_1)","decl":{"start":{"line":7,"column":2},"end":{"line":7,"column":3}},"loc":{"start":{"line":7,"column":28},"end":{"line":7,"column":54}},"line":7},"2":{"name":"(anonymous_2)","decl":{"start":{"line":12,"column":2},"end":{"line":12,"column":3}},"loc":{"start":{"line":12,"column":28},"end":{"line":12,"column":63}},"line":12}},"branchMap":{},"s":{"0":2,"1":0,"2":2,"3":0,"4":2,"5":0},"f":{"0":0,"1":0,"2":0},"b":{},"_coverageSchema":"43e27e138ebf9cfc5966b082cf9a028302ed4184","hash":"0b10f60f486a4735b0f63fe33afcd2eaa561e4a1"}
,"D:\\MovieApp\\src\\components\\MoviePreview\\MoviePreview.js": {"path":"D:\\MovieApp\\src\\components\\MoviePreview\\MoviePreview.js","statementMap":{"0":{"start":{"line":9,"column":20},"end":{"line":9,"column":38}},"1":{"start":{"line":10,"column":22},"end":{"line":10,"column":39}},"2":{"start":{"line":11,"column":2},"end":{"line":24,"column":4}}},"fnMap":{"0":{"name":"MoviePreview","decl":{"start":{"line":8,"column":24},"end":{"line":8,"column":36}},"loc":{"start":{"line":8,"column":77},"end":{"line":25,"column":1}},"line":8}},"branchMap":{},"s":{"0":1,"1":1,"2":1},"f":{"0":1},"b":{},"_coverageSchema":"43e27e138ebf9cfc5966b082cf9a028302ed4184","hash":"032f8cafffd08746fd0e2e01ffecec6d3b8c1709"}
,"D:\\MovieApp\\src\\components\\MoviePreviews\\MoviePreviews.js": {"path":"D:\\MovieApp\\src\\components\\MoviePreviews\\MoviePreviews.js","statementMap":{"0":{"start":{"line":8,"column":2},"end":{"line":10,"column":3}},"1":{"start":{"line":9,"column":4},"end":{"line":9,"column":16}},"2":{"start":{"line":12,"column":2},"end":{"line":27,"column":4}},"3":{"start":{"line":15,"column":8},"end":{"line":24,"column":10}}},"fnMap":{"0":{"name":"MoviePreviews","decl":{"start":{"line":7,"column":16},"end":{"line":7,"column":29}},"loc":{"start":{"line":7,"column":42},"end":{"line":28,"column":1}},"line":7},"1":{"name":"(anonymous_1)","decl":{"start":{"line":14,"column":18},"end":{"line":14,"column":19}},"loc":{"start":{"line":14,"column":72},"end":{"line":25,"column":7}},"line":14}},"branchMap":{"0":{"loc":{"start":{"line":8,"column":2},"end":{"line":10,"column":3}},"type":"if","locations":[{"start":{"line":8,"column":2},"end":{"line":10,"column":3}},{"start":{"line":8,"column":2},"end":{"line":10,"column":3}}],"line":8}},"s":{"0":2,"1":1,"2":1,"3":2},"f":{"0":2,"1":2},"b":{"0":[1,1]},"_coverageSchema":"43e27e138ebf9cfc5966b082cf9a028302ed4184","hash":"5b2c3d2acdab33fa6f5be93421a021e1c1b55f34"}
,"D:\\MovieApp\\src\\components\\Pages\\Page.js": {"path":"D:\\MovieApp\\src\\components\\Pages\\Page.js","statementMap":{"0":{"start":{"line":9,"column":2},"end":{"line":15,"column":3}}},"fnMap":{"0":{"name":"Page","decl":{"start":{"line":8,"column":16},"end":{"line":8,"column":20}},"loc":{"start":{"line":8,"column":35},"end":{"line":16,"column":1}},"line":8}},"branchMap":{},"s":{"0":0},"f":{"0":0},"b":{},"_coverageSchema":"43e27e138ebf9cfc5966b082cf9a028302ed4184","hash":"36efd1a1b6f038f1fb3c4c4711aba7216dc34783"}
,"D:\\MovieApp\\src\\components\\Pages\\components\\HomePage.js": {"path":"D:\\MovieApp\\src\\components\\Pages\\components\\HomePage.js","statementMap":{"0":{"start":{"line":6,"column":2},"end":{"line":15,"column":4}}},"fnMap":{"0":{"name":"HomePage","decl":{"start":{"line":5,"column":24},"end":{"line":5,"column":32}},"loc":{"start":{"line":5,"column":35},"end":{"line":16,"column":1}},"line":5}},"branchMap":{},"s":{"0":0},"f":{"0":0},"b":{},"_coverageSchema":"43e27e138ebf9cfc5966b082cf9a028302ed4184","hash":"911ec3ff05b28afb74d0a861cc9f51b7f80af3a5"}
,"D:\\MovieApp\\src\\components\\Pages\\components\\MoviePage.js": {"path":"D:\\MovieApp\\src\\components\\Pages\\components\\MoviePage.js","statementMap":{"0":{"start":{"line":7,"column":2},"end":{"line":16,"column":4}}},"fnMap":{"0":{"name":"MoviePage","decl":{"start":{"line":6,"column":24},"end":{"line":6,"column":33}},"loc":{"start":{"line":6,"column":36},"end":{"line":17,"column":1}},"line":6}},"branchMap":{},"s":{"0":0},"f":{"0":0},"b":{},"_coverageSchema":"43e27e138ebf9cfc5966b082cf9a028302ed4184","hash":"d65c603978ffcb7e37e21e432d73832001c7b2d7"}
,"D:\\MovieApp\\src\\components\\Pages\\components\\SearchPage.js": {"path":"D:\\MovieApp\\src\\components\\Pages\\components\\SearchPage.js","statementMap":{"0":{"start":{"line":7,"column":2},"end":{"line":16,"column":4}}},"fnMap":{"0":{"name":"MoviePage","decl":{"start":{"line":6,"column":24},"end":{"line":6,"column":33}},"loc":{"start":{"line":6,"column":36},"end":{"line":17,"column":1}},"line":6}},"branchMap":{},"s":{"0":0},"f":{"0":0},"b":{},"_coverageSchema":"43e27e138ebf9cfc5966b082cf9a028302ed4184","hash":"701232519651dd38d5cb922c44eabcd3f26a0b6e"}
,"D:\\MovieApp\\src\\components\\Search\\Search.js": {"path":"D:\\MovieApp\\src\\components\\Search\\Search.js","statementMap":{"0":{"start":{"line":9,"column":4},"end":{"line":9,"column":17}},"1":{"start":{"line":10,"column":4},"end":{"line":13,"column":6}},"2":{"start":{"line":17,"column":4},"end":{"line":17,"column":34}},"3":{"start":{"line":21,"column":4},"end":{"line":23,"column":7}},"4":{"start":{"line":27,"column":4},"end":{"line":27,"column":23}},"5":{"start":{"line":28,"column":4},"end":{"line":30,"column":5}},"6":{"start":{"line":29,"column":6},"end":{"line":29,"column":98}},"7":{"start":{"line":34,"column":4},"end":{"line":69,"column":5}},"8":{"start":{"line":53,"column":29},"end":{"line":53,"column":58}},"9":{"start":{"line":61,"column":29},"end":{"line":61,"column":59}}},"fnMap":{"0":{"name":"(anonymous_0)","decl":{"start":{"line":8,"column":2},"end":{"line":8,"column":3}},"loc":{"start":{"line":8,"column":21},"end":{"line":14,"column":3}},"line":8},"1":{"name":"(anonymous_1)","decl":{"start":{"line":16,"column":20},"end":{"line":16,"column":21}},"loc":{"start":{"line":16,"column":30},"end":{"line":18,"column":3}},"line":16},"2":{"name":"(anonymous_2)","decl":{"start":{"line":20,"column":18},"end":{"line":20,"column":19}},"loc":{"start":{"line":20,"column":25},"end":{"line":24,"column":3}},"line":20},"3":{"name":"(anonymous_3)","decl":{"start":{"line":26,"column":17},"end":{"line":26,"column":18}},"loc":{"start":{"line":26,"column":24},"end":{"line":31,"column":3}},"line":26},"4":{"name":"(anonymous_4)","decl":{"start":{"line":33,"column":2},"end":{"line":33,"column":3}},"loc":{"start":{"line":33,"column":11},"end":{"line":70,"column":3}},"line":33},"5":{"name":"(anonymous_5)","decl":{"start":{"line":53,"column":23},"end":{"line":53,"column":24}},"loc":{"start":{"line":53,"column":29},"end":{"line":53,"column":58}},"line":53},"6":{"name":"(anonymous_6)","decl":{"start":{"line":61,"column":23},"end":{"line":61,"column":24}},"loc":{"start":{"line":61,"column":29},"end":{"line":61,"column":59}},"line":61}},"branchMap":{"0":{"loc":{"start":{"line":28,"column":4},"end":{"line":30,"column":5}},"type":"if","locations":[{"start":{"line":28,"column":4},"end":{"line":30,"column":5}},{"start":{"line":28,"column":4},"end":{"line":30,"column":5}}],"line":28}},"s":{"0":2,"1":2,"2":2,"3":1,"4":0,"5":0,"6":0,"7":5,"8":1,"9":1},"f":{"0":2,"1":2,"2":1,"3":0,"4":5,"5":1,"6":1},"b":{"0":[0,0]},"_coverageSchema":"43e27e138ebf9cfc5966b082cf9a028302ed4184","hash":"844c2f27a4691f604488c474525c7a79a9121011"}
,"D:\\MovieApp\\src\\components\\SearchResults\\SearchResults.js": {"path":"D:\\MovieApp\\src\\components\\SearchResults\\SearchResults.js","statementMap":{"0":{"start":{"line":12,"column":19},"end":{"line":12,"column":64}},"1":{"start":{"line":13,"column":4},"end":{"line":13,"column":39}},"2":{"start":{"line":17,"column":30},"end":{"line":17,"column":40}},"3":{"start":{"line":19,"column":4},"end":{"line":21,"column":5}},"4":{"start":{"line":20,"column":6},"end":{"line":20,"column":18}},"5":{"start":{"line":23,"column":4},"end":{"line":25,"column":5}},"6":{"start":{"line":29,"column":27},"end":{"line":31,"column":2}},"7":{"start":{"line":29,"column":42},"end":{"line":31,"column":1}},"8":{"start":{"line":30,"column":30},"end":{"line":30,"column":64}},"9":{"start":{"line":33,"column":24},"end":{"line":35,"column":2}},"10":{"start":{"line":33,"column":36},"end":{"line":35,"column":1}}},"fnMap":{"0":{"name":"(anonymous_0)","decl":{"start":{"line":11,"column":2},"end":{"line":11,"column":3}},"loc":{"start":{"line":11,"column":22},"end":{"line":14,"column":3}},"line":11},"1":{"name":"(anonymous_1)","decl":{"start":{"line":16,"column":2},"end":{"line":16,"column":3}},"loc":{"start":{"line":16,"column":11},"end":{"line":26,"column":3}},"line":16},"2":{"name":"(anonymous_2)","decl":{"start":{"line":29,"column":27},"end":{"line":29,"column":28}},"loc":{"start":{"line":29,"column":42},"end":{"line":31,"column":1}},"line":29},"3":{"name":"(anonymous_3)","decl":{"start":{"line":30,"column":20},"end":{"line":30,"column":21}},"loc":{"start":{"line":30,"column":30},"end":{"line":30,"column":64}},"line":30},"4":{"name":"(anonymous_4)","decl":{"start":{"line":33,"column":24},"end":{"line":33,"column":25}},"loc":{"start":{"line":33,"column":36},"end":{"line":35,"column":1}},"line":33}},"branchMap":{"0":{"loc":{"start":{"line":19,"column":4},"end":{"line":21,"column":5}},"type":"if","locations":[{"start":{"line":19,"column":4},"end":{"line":21,"column":5}},{"start":{"line":19,"column":4},"end":{"line":21,"column":5}}],"line":19}},"s":{"0":0,"1":0,"2":0,"3":0,"4":0,"5":0,"6":1,"7":0,"8":0,"9":1,"10":0},"f":{"0":0,"1":0,"2":0,"3":0,"4":0},"b":{"0":[0,0]},"_coverageSchema":"43e27e138ebf9cfc5966b082cf9a028302ed4184","hash":"3e52caf4a86b54b16f8dc8d8efc1ee615d0f1912"}
,"D:\\MovieApp\\src\\components\\SearchResults\\actions\\index.js": {"path":"D:\\MovieApp\\src\\components\\SearchResults\\actions\\index.js","statementMap":{"0":{"start":{"line":3,"column":32},"end":{"line":5,"column":1}},"1":{"start":{"line":4,"column":2},"end":{"line":4,"column":39}}},"fnMap":{"0":{"name":"(anonymous_0)","decl":{"start":{"line":3,"column":32},"end":{"line":3,"column":33}},"loc":{"start":{"line":4,"column":2},"end":{"line":4,"column":39}},"line":4}},"branchMap":{},"s":{"0":1,"1":0},"f":{"0":0},"b":{},"_coverageSchema":"43e27e138ebf9cfc5966b082cf9a028302ed4184","hash":"73894048da8b983bb4642e9d4dc5741db5373d7e"}
,"D:\\MovieApp\\src\\components\\SearchResults\\actions\\types.js": {"path":"D:\\MovieApp\\src\\components\\SearchResults\\actions\\types.js","statementMap":{"0":{"start":{"line":1,"column":34},"end":{"line":1,"column":54}},"1":{"start":{"line":2,"column":42},"end":{"line":2,"column":70}},"2":{"start":{"line":3,"column":39},"end":{"line":3,"column":64}}},"fnMap":{},"branchMap":{},"s":{"0":1,"1":1,"2":1},"f":{},"b":{},"_coverageSchema":"43e27e138ebf9cfc5966b082cf9a028302ed4184","hash":"11b9d1129b699364d1c680b6353a9e68351e6a10"}
,"D:\\MovieApp\\src\\components\\SearchResults\\reducer\\index.js": {"path":"D:\\MovieApp\\src\\components\\SearchResults\\reducer\\index.js","statementMap":{"0":{"start":{"line":3,"column":21},"end":{"line":5,"column":1}},"1":{"start":{"line":8,"column":2},"end":{"line":17,"column":3}},"2":{"start":{"line":10,"column":6},"end":{"line":10,"column":59}},"3":{"start":{"line":13,"column":6},"end":{"line":13,"column":44}},"4":{"start":{"line":16,"column":6},"end":{"line":16,"column":12}},"5":{"start":{"line":19,"column":2},"end":{"line":19,"column":15}}},"fnMap":{"0":{"name":"movieReducer","decl":{"start":{"line":7,"column":24},"end":{"line":7,"column":36}},"loc":{"start":{"line":7,"column":67},"end":{"line":20,"column":1}},"line":7}},"branchMap":{"0":{"loc":{"start":{"line":7,"column":37},"end":{"line":7,"column":57}},"type":"default-arg","locations":[{"start":{"line":7,"column":45},"end":{"line":7,"column":57}}],"line":7},"1":{"loc":{"start":{"line":8,"column":2},"end":{"line":17,"column":3}},"type":"switch","locations":[{"start":{"line":9,"column":4},"end":{"line":10,"column":59}},{"start":{"line":12,"column":4},"end":{"line":13,"column":44}},{"start":{"line":15,"column":4},"end":{"line":16,"column":12}}],"line":8}},"s":{"0":1,"1":3,"2":0,"3":0,"4":3,"5":3},"f":{"0":3},"b":{"0":[3],"1":[0,0,3]},"_coverageSchema":"43e27e138ebf9cfc5966b082cf9a028302ed4184","hash":"8cc8494fa558cb01d1377f28cb644dbfb73d36c7"}
,"D:\\MovieApp\\src\\components\\SearchResults\\saga\\index.js": {"path":"D:\\MovieApp\\src\\components\\SearchResults\\saga\\index.js","statementMap":{"0":{"start":{"line":6,"column":2},"end":{"line":11,"column":3}},"1":{"start":{"line":7,"column":20},"end":{"line":7,"column":66}},"2":{"start":{"line":8,"column":4},"end":{"line":8,"column":61}},"3":{"start":{"line":10,"column":4},"end":{"line":10,"column":61}},"4":{"start":{"line":15,"column":2},"end":{"line":15,"column":56}}},"fnMap":{"0":{"name":"getSearchResults","decl":{"start":{"line":5,"column":10},"end":{"line":5,"column":26}},"loc":{"start":{"line":5,"column":35},"end":{"line":12,"column":1}},"line":5},"1":{"name":"searchResultsSaga","decl":{"start":{"line":14,"column":25},"end":{"line":14,"column":42}},"loc":{"start":{"line":14,"column":45},"end":{"line":16,"column":1}},"line":14}},"branchMap":{},"s":{"0":0,"1":0,"2":0,"3":0,"4":1},"f":{"0":0,"1":1},"b":{},"_coverageSchema":"43e27e138ebf9cfc5966b082cf9a028302ed4184","hash":"ac0501842ed03f0785d14f0063716aafb1f9dcb7"}
,"D:\\MovieApp\\src\\components\\SearchResults\\selectors\\index.js": {"path":"D:\\MovieApp\\src\\components\\SearchResults\\selectors\\index.js","statementMap":{"0":{"start":{"line":3,"column":44},"end":{"line":3,"column":81}},"1":{"start":{"line":3,"column":55},"end":{"line":3,"column":81}},"2":{"start":{"line":5,"column":35},"end":{"line":8,"column":1}},"3":{"start":{"line":7,"column":36},"end":{"line":7,"column":78}}},"fnMap":{"0":{"name":"(anonymous_0)","decl":{"start":{"line":3,"column":44},"end":{"line":3,"column":45}},"loc":{"start":{"line":3,"column":55},"end":{"line":3,"column":81}},"line":3},"1":{"name":"(anonymous_1)","decl":{"start":{"line":7,"column":2},"end":{"line":7,"column":3}},"loc":{"start":{"line":7,"column":36},"end":{"line":7,"column":78}},"line":7}},"branchMap":{},"s":{"0":1,"1":0,"2":1,"3":0},"f":{"0":0,"1":0},"b":{},"_coverageSchema":"43e27e138ebf9cfc5966b082cf9a028302ed4184","hash":"89daf499c1ff5a9ff2318c4efab1a27a8728c31c"}
,"D:\\MovieApp\\src\\components\\SimilarResults\\SimilarResults.js": {"path":"D:\\MovieApp\\src\\components\\SimilarResults\\SimilarResults.js","statementMap":{"0":{"start":{"line":9,"column":2},"end":{"line":11,"column":3}},"1":{"start":{"line":10,"column":4},"end":{"line":10,"column":16}},"2":{"start":{"line":13,"column":2},"end":{"line":15,"column":3}},"3":{"start":{"line":18,"column":24},"end":{"line":20,"column":2}},"4":{"start":{"line":18,"column":36},"end":{"line":20,"column":1}}},"fnMap":{"0":{"name":"SimilarResults","decl":{"start":{"line":8,"column":16},"end":{"line":8,"column":30}},"loc":{"start":{"line":8,"column":51},"end":{"line":16,"column":1}},"line":8},"1":{"name":"(anonymous_1)","decl":{"start":{"line":18,"column":24},"end":{"line":18,"column":25}},"loc":{"start":{"line":18,"column":36},"end":{"line":20,"column":1}},"line":18}},"branchMap":{"0":{"loc":{"start":{"line":9,"column":2},"end":{"line":11,"column":3}},"type":"if","locations":[{"start":{"line":9,"column":2},"end":{"line":11,"column":3}},{"start":{"line":9,"column":2},"end":{"line":11,"column":3}}],"line":9}},"s":{"0":2,"1":1,"2":1,"3":2,"4":0},"f":{"0":2,"1":0},"b":{"0":[1,1]},"_coverageSchema":"43e27e138ebf9cfc5966b082cf9a028302ed4184","hash":"cde68bca1d126027e8e0049a4b24966425cbf83e"}
,"D:\\MovieApp\\src\\reducers\\index.js": {"path":"D:\\MovieApp\\src\\reducers\\index.js","statementMap":{"0":{"start":{"line":6,"column":27},"end":{"line":9,"column":2}}},"fnMap":{},"branchMap":{},"s":{"0":1},"f":{},"b":{},"_coverageSchema":"43e27e138ebf9cfc5966b082cf9a028302ed4184","hash":"cd849f724ee5a8754b33202bcf5782ed45149644"}
,"D:\\MovieApp\\src\\sagas\\index.js": {"path":"D:\\MovieApp\\src\\sagas\\index.js","statementMap":{"0":{"start":{"line":6,"column":2},"end":{"line":9,"column":4}}},"fnMap":{"0":{"name":"rootSaga","decl":{"start":{"line":5,"column":25},"end":{"line":5,"column":33}},"loc":{"start":{"line":5,"column":36},"end":{"line":10,"column":1}},"line":5}},"branchMap":{},"s":{"0":1},"f":{"0":1},"b":{},"_coverageSchema":"43e27e138ebf9cfc5966b082cf9a028302ed4184","hash":"9fcb50e81717b60dce0ed02153a67a62deebd805"}
,"D:\\MovieApp\\src\\store\\index.js": {"path":"D:\\MovieApp\\src\\store\\index.js","statementMap":{"0":{"start":{"line":7,"column":23},"end":{"line":7,"column":45}},"1":{"start":{"line":8,"column":24},"end":{"line":8,"column":78}},"2":{"start":{"line":10,"column":14},"end":{"line":13,"column":1}},"3":{"start":{"line":15,"column":0},"end":{"line":15,"column":28}}},"fnMap":{},"branchMap":{"0":{"loc":{"start":{"line":8,"column":24},"end":{"line":8,"column":78}},"type":"binary-expr","locations":[{"start":{"line":8,"column":24},"end":{"line":8,"column":67}},{"start":{"line":8,"column":71},"end":{"line":8,"column":78}}],"line":8}},"s":{"0":1,"1":1,"2":1,"3":1},"f":{},"b":{"0":[1,1]},"_coverageSchema":"43e27e138ebf9cfc5966b082cf9a028302ed4184","hash":"deeefc4e032bfa1cb6fdaeddb2a3fe9a51dc9fb7"}
,"D:\\MovieApp\\src\\utils\\api.js": {"path":"D:\\MovieApp\\src\\utils\\api.js","statementMap":{"0":{"start":{"line":3,"column":26},"end":{"line":6,"column":1}},"1":{"start":{"line":4,"column":2},"end":{"line":5,"column":38}},"2":{"start":{"line":5,"column":22},"end":{"line":5,"column":37}},"3":{"start":{"line":8,"column":34},"end":{"line":12,"column":1}},"4":{"start":{"line":9,"column":28},"end":{"line":9,"column":34}},"5":{"start":{"line":10,"column":2},"end":{"line":11,"column":38}},"6":{"start":{"line":11,"column":22},"end":{"line":11,"column":37}},"7":{"start":{"line":14,"column":35},"end":{"line":18,"column":1}},"8":{"start":{"line":15,"column":22},"end":{"line":15,"column":46}},"9":{"start":{"line":16,"column":2},"end":{"line":17,"column":39}},"10":{"start":{"line":17,"column":23},"end":{"line":17,"column":38}}},"fnMap":{"0":{"name":"(anonymous_0)","decl":{"start":{"line":3,"column":26},"end":{"line":3,"column":27}},"loc":{"start":{"line":3,"column":39},"end":{"line":6,"column":1}},"line":3},"1":{"name":"(anonymous_1)","decl":{"start":{"line":5,"column":10},"end":{"line":5,"column":11}},"loc":{"start":{"line":5,"column":22},"end":{"line":5,"column":37}},"line":5},"2":{"name":"(anonymous_2)","decl":{"start":{"line":8,"column":34},"end":{"line":8,"column":35}},"loc":{"start":{"line":8,"column":46},"end":{"line":12,"column":1}},"line":8},"3":{"name":"(anonymous_3)","decl":{"start":{"line":11,"column":10},"end":{"line":11,"column":11}},"loc":{"start":{"line":11,"column":22},"end":{"line":11,"column":37}},"line":11},"4":{"name":"(anonymous_4)","decl":{"start":{"line":14,"column":35},"end":{"line":14,"column":36}},"loc":{"start":{"line":14,"column":46},"end":{"line":18,"column":1}},"line":14},"5":{"name":"(anonymous_5)","decl":{"start":{"line":17,"column":11},"end":{"line":17,"column":12}},"loc":{"start":{"line":17,"column":23},"end":{"line":17,"column":38}},"line":17}},"branchMap":{},"s":{"0":1,"1":0,"2":0,"3":1,"4":0,"5":0,"6":0,"7":1,"8":0,"9":0,"10":0},"f":{"0":0,"1":0,"2":0,"3":0,"4":0,"5":0},"b":{},"_coverageSchema":"43e27e138ebf9cfc5966b082cf9a028302ed4184","hash":"1595dd4d5e3951d26e58bba0132fc8fe9a5e9d21"}
,"D:\\MovieApp\\src\\utils\\helpers.js": {"path":"D:\\MovieApp\\src\\utils\\helpers.js","statementMap":{"0":{"start":{"line":1,"column":28},"end":{"line":3,"column":1}},"1":{"start":{"line":2,"column":2},"end":{"line":2,"column":37}},"2":{"start":{"line":5,"column":23},"end":{"line":7,"column":1}},"3":{"start":{"line":6,"column":2},"end":{"line":6,"column":39}},"4":{"start":{"line":6,"column":19},"end":{"line":6,"column":38}}},"fnMap":{"0":{"name":"(anonymous_0)","decl":{"start":{"line":1,"column":28},"end":{"line":1,"column":29}},"loc":{"start":{"line":2,"column":2},"end":{"line":2,"column":37}},"line":2},"1":{"name":"(anonymous_1)","decl":{"start":{"line":5,"column":23},"end":{"line":5,"column":24}},"loc":{"start":{"line":6,"column":2},"end":{"line":6,"column":39}},"line":6},"2":{"name":"(anonymous_2)","decl":{"start":{"line":6,"column":13},"end":{"line":6,"column":14}},"loc":{"start":{"line":6,"column":19},"end":{"line":6,"column":38}},"line":6}},"branchMap":{},"s":{"0":5,"1":3,"2":5,"3":1,"4":3},"f":{"0":3,"1":1,"2":3},"b":{},"_coverageSchema":"43e27e138ebf9cfc5966b082cf9a028302ed4184","hash":"90a238233794785a93ab2779a2a4e947461693be"}
}
