TN:
SF:D:\MovieApp\src\components\AppWrapper\AppWrapper.js
FN:13,AppWrapper
FNF:1
FNH:1
FNDA:1,AppWrapper
DA:14,1
LF:1
LH:1
BRF:0
BRH:0
end_of_record
TN:
SF:D:\MovieApp\src\components\ErrorBoundary\ErrorBoundary.js
FN:4,(anonymous_0)
FN:9,(anonymous_1)
FN:14,(anonymous_2)
FN:18,(anonymous_3)
FNF:4
FNH:0
FNDA:0,(anonymous_0)
FNDA:0,(anonymous_1)
FNDA:0,(anonymous_2)
FNDA:0,(anonymous_3)
DA:5,0
DA:6,0
DA:10,0
DA:11,0
DA:15,0
DA:19,0
DA:20,0
DA:23,0
LF:8
LH:0
BRDA:19,0,0,0
BRDA:19,0,1,0
BRF:2
BRH:0
end_of_record
TN:
SF:D:\MovieApp\src\components\Footer\Footer.js
FN:6,Footer
FNF:1
FNH:0
FNDA:0,Footer
DA:7,0
LF:1
LH:0
BRF:0
BRH:0
end_of_record
TN:
SF:D:\MovieApp\src\components\Header\Header.js
FN:8,Header
FNF:1
FNH:1
FNDA:1,Header
DA:10,1
LF:1
LH:1
BRF:0
BRH:0
end_of_record
TN:
SF:D:\MovieApp\src\components\Logo\Logo.js
FN:6,Logo
FNF:1
FNH:1
FNDA:1,Logo
DA:7,1
LF:1
LH:1
BRF:0
BRH:0
end_of_record
TN:
SF:D:\MovieApp\src\components\Movie\Movie.js
FN:12,(anonymous_0)
FN:17,(anonymous_1)
FN:27,(anonymous_2)
FN:56,(anonymous_3)
FN:57,(anonymous_4)
FN:58,(anonymous_5)
FN:61,(anonymous_6)
FNF:7
FNH:0
FNDA:0,(anonymous_0)
FNDA:0,(anonymous_1)
FNDA:0,(anonymous_2)
FNDA:0,(anonymous_3)
FNDA:0,(anonymous_4)
FNDA:0,(anonymous_5)
FNDA:0,(anonymous_6)
DA:13,0
DA:14,0
DA:18,0
DA:19,0
DA:21,0
DA:22,0
DA:23,0
DA:28,0
DA:30,0
DA:31,0
DA:34,0
DA:35,0
DA:36,0
DA:56,1
DA:57,0
DA:58,0
DA:61,1
LF:17
LH:2
BRDA:18,0,0,0
BRDA:18,0,1,0
BRDA:19,1,0,0
BRDA:19,1,1,0
BRDA:21,2,0,0
BRDA:21,2,1,0
BRDA:21,3,0,0
BRDA:21,3,1,0
BRDA:21,3,2,0
BRDA:30,4,0,0
BRDA:30,4,1,0
BRF:11
BRH:0
end_of_record
TN:
SF:D:\MovieApp\src\components\Movie\actions\index.js
FN:5,(anonymous_0)
FN:9,(anonymous_1)
FN:13,(anonymous_2)
FN:17,(anonymous_3)
FNF:4
FNH:0
FNDA:0,(anonymous_0)
FNDA:0,(anonymous_1)
FNDA:0,(anonymous_2)
FNDA:0,(anonymous_3)
DA:5,1
DA:6,0
DA:9,1
DA:10,0
DA:13,1
DA:14,0
DA:17,1
DA:18,0
LF:8
LH:4
BRF:0
BRH:0
end_of_record
TN:
SF:D:\MovieApp\src\components\Movie\actions\types.js
FNF:0
FNH:0
DA:1,1
DA:2,1
DA:3,1
DA:4,1
DA:6,1
DA:7,1
DA:8,1
DA:9,1
LF:8
LH:8
BRF:0
BRH:0
end_of_record
TN:
SF:D:\MovieApp\src\components\Movie\reducer\index.js
FN:11,movieReducer
FNF:1
FNH:1
FNDA:3,movieReducer
DA:6,1
DA:12,3
DA:14,0
DA:18,0
DA:21,0
DA:25,0
DA:28,3
DA:31,3
LF:8
LH:4
BRDA:11,0,0,3
BRDA:12,1,0,0
BRDA:12,1,1,0
BRDA:12,1,2,0
BRDA:12,1,3,0
BRDA:12,1,4,0
BRDA:12,1,5,0
BRDA:12,1,6,3
BRF:8
BRH:2
end_of_record
TN:
SF:D:\MovieApp\src\components\Movie\saga\index.js
FN:8,getMovie
FN:17,getSimilarResults
FN:26,movieSaga
FNF:3
FNH:1
FNDA:0,getMovie
FNDA:0,getSimilarResults
FNDA:1,movieSaga
DA:9,0
DA:10,0
DA:11,0
DA:13,0
DA:18,0
DA:19,0
DA:20,0
DA:22,0
DA:27,1
DA:28,1
LF:10
LH:2
BRF:0
BRH:0
end_of_record
TN:
SF:D:\MovieApp\src\components\Movie\selectors\index.js
FN:3,(anonymous_0)
FN:7,(anonymous_1)
FN:12,(anonymous_2)
FNF:3
FNH:0
FNDA:0,(anonymous_0)
FNDA:0,(anonymous_1)
FNDA:0,(anonymous_2)
DA:3,2
DA:5,2
DA:7,0
DA:10,2
DA:12,0
LF:5
LH:3
BRF:0
BRH:0
end_of_record
TN:
SF:D:\MovieApp\src\components\MoviePreview\MoviePreview.js
FN:8,MoviePreview
FNF:1
FNH:1
FNDA:1,MoviePreview
DA:9,1
DA:10,1
DA:11,1
LF:3
LH:3
BRF:0
BRH:0
end_of_record
TN:
SF:D:\MovieApp\src\components\MoviePreviews\MoviePreviews.js
FN:7,MoviePreviews
FN:14,(anonymous_1)
FNF:2
FNH:2
FNDA:2,MoviePreviews
FNDA:2,(anonymous_1)
DA:8,2
DA:9,1
DA:12,1
DA:15,2
LF:4
LH:4
BRDA:8,0,0,1
BRDA:8,0,1,1
BRF:2
BRH:2
end_of_record
TN:
SF:D:\MovieApp\src\components\Pages\Page.js
FN:8,Page
FNF:1
FNH:0
FNDA:0,Page
DA:9,0
LF:1
LH:0
BRF:0
BRH:0
end_of_record
TN:
SF:D:\MovieApp\src\components\Pages\components\HomePage.js
FN:5,HomePage
FNF:1
FNH:0
FNDA:0,HomePage
DA:6,0
LF:1
LH:0
BRF:0
BRH:0
end_of_record
TN:
SF:D:\MovieApp\src\components\Pages\components\MoviePage.js
FN:6,MoviePage
FNF:1
FNH:0
FNDA:0,MoviePage
DA:7,0
LF:1
LH:0
BRF:0
BRH:0
end_of_record
TN:
SF:D:\MovieApp\src\components\Pages\components\SearchPage.js
FN:6,MoviePage
FNF:1
FNH:0
FNDA:0,MoviePage
DA:7,0
LF:1
LH:0
BRF:0
BRH:0
end_of_record
TN:
SF:D:\MovieApp\src\components\Search\Search.js
FN:8,(anonymous_0)
FN:16,(anonymous_1)
FN:20,(anonymous_2)
FN:26,(anonymous_3)
FN:33,(anonymous_4)
FN:53,(anonymous_5)
FN:60,(anonymous_6)
FNF:7
FNH:0
FNDA:0,(anonymous_0)
FNDA:0,(anonymous_1)
FNDA:0,(anonymous_2)
FNDA:0,(anonymous_3)
FNDA:0,(anonymous_4)
FNDA:0,(anonymous_5)
FNDA:0,(anonymous_6)
DA:9,0
DA:10,0
DA:17,0
DA:21,0
DA:27,0
DA:28,0
DA:29,0
DA:34,0
DA:53,0
DA:60,0
LF:10
LH:0
BRDA:28,0,0,0
BRDA:28,0,1,0
BRF:2
BRH:0
end_of_record
TN:
SF:D:\MovieApp\src\components\SearchResults\SearchResults.js
FN:11,(anonymous_0)
FN:16,(anonymous_1)
FN:29,(anonymous_2)
FN:30,(anonymous_3)
FN:33,(anonymous_4)
FNF:5
FNH:0
FNDA:0,(anonymous_0)
FNDA:0,(anonymous_1)
FNDA:0,(anonymous_2)
FNDA:0,(anonymous_3)
FNDA:0,(anonymous_4)
DA:12,0
DA:13,0
DA:17,0
DA:19,0
DA:20,0
DA:23,0
DA:29,1
DA:30,0
DA:33,1
LF:9
LH:2
BRDA:19,0,0,0
BRDA:19,0,1,0
BRF:2
BRH:0
end_of_record
TN:
SF:D:\MovieApp\src\components\SearchResults\actions\index.js
FN:3,(anonymous_0)
FNF:1
FNH:0
FNDA:0,(anonymous_0)
DA:3,1
DA:4,0
LF:2
LH:1
BRF:0
BRH:0
end_of_record
TN:
SF:D:\MovieApp\src\components\SearchResults\actions\types.js
FNF:0
FNH:0
DA:1,1
DA:2,1
DA:3,1
LF:3
LH:3
BRF:0
BRH:0
end_of_record
TN:
SF:D:\MovieApp\src\components\SearchResults\reducer\index.js
FN:7,movieReducer
FNF:1
FNH:1
FNDA:3,movieReducer
DA:3,1
DA:8,3
DA:10,0
DA:13,0
DA:16,3
DA:19,3
LF:6
LH:4
BRDA:7,0,0,3
BRDA:8,1,0,0
BRDA:8,1,1,0
BRDA:8,1,2,3
BRF:4
BRH:2
end_of_record
TN:
SF:D:\MovieApp\src\components\SearchResults\saga\index.js
FN:5,getSearchResults
FN:14,searchResultsSaga
FNF:2
FNH:1
FNDA:0,getSearchResults
FNDA:1,searchResultsSaga
DA:6,0
DA:7,0
DA:8,0
DA:10,0
DA:15,1
LF:5
LH:1
BRF:0
BRH:0
end_of_record
TN:
SF:D:\MovieApp\src\components\SearchResults\selectors\index.js
FN:3,(anonymous_0)
FN:7,(anonymous_1)
FNF:2
FNH:0
FNDA:0,(anonymous_0)
FNDA:0,(anonymous_1)
DA:3,1
DA:5,1
DA:7,0
LF:3
LH:2
BRF:0
BRH:0
end_of_record
TN:
SF:D:\MovieApp\src\components\SimilarResults\SimilarResults.js
FN:8,SimilarResults
FN:18,(anonymous_1)
FNF:2
FNH:1
FNDA:2,SimilarResults
FNDA:0,(anonymous_1)
DA:9,2
DA:10,1
DA:13,1
DA:18,2
LF:4
LH:4
BRDA:9,0,0,1
BRDA:9,0,1,1
BRF:2
BRH:2
end_of_record
TN:
SF:D:\MovieApp\src\reducers\index.js
FNF:0
FNH:0
DA:6,1
LF:1
LH:1
BRF:0
BRH:0
end_of_record
TN:
SF:D:\MovieApp\src\sagas\index.js
FN:5,rootSaga
FNF:1
FNH:1
FNDA:1,rootSaga
DA:6,1
LF:1
LH:1
BRF:0
BRH:0
end_of_record
TN:
SF:D:\MovieApp\src\store\index.js
FNF:0
FNH:0
DA:7,1
DA:8,1
DA:10,1
DA:15,1
LF:4
LH:4
BRDA:8,0,0,1
BRDA:8,0,1,1
BRF:2
BRH:2
end_of_record
TN:
SF:D:\MovieApp\src\utils\api.js
FN:3,(anonymous_0)
FN:5,(anonymous_1)
FN:8,(anonymous_2)
FN:11,(anonymous_3)
FN:14,(anonymous_4)
FN:17,(anonymous_5)
FNF:6
FNH:0
FNDA:0,(anonymous_0)
FNDA:0,(anonymous_1)
FNDA:0,(anonymous_2)
FNDA:0,(anonymous_3)
FNDA:0,(anonymous_4)
FNDA:0,(anonymous_5)
DA:3,1
DA:4,0
DA:5,0
DA:8,1
DA:9,0
DA:10,0
DA:11,0
DA:14,1
DA:15,0
DA:16,0
DA:17,0
LF:11
LH:3
BRF:0
BRH:0
end_of_record
TN:
SF:D:\MovieApp\src\utils\helpers.js
FN:1,(anonymous_0)
FN:5,(anonymous_1)
FN:6,(anonymous_2)
FNF:3
FNH:3
FNDA:3,(anonymous_0)
FNDA:1,(anonymous_1)
FNDA:2,(anonymous_2)
DA:1,5
DA:2,3
DA:5,5
DA:6,2
LF:4
LH:4
BRF:0
BRH:0
end_of_record
