TN:
SF:D:\MovieApp\src\components\ErrorBoundary\ErrorBoundary.js
FN:4,(anonymous_0)
FN:9,(anonymous_1)
FN:14,(anonymous_2)
FN:18,(anonymous_3)
FNF:4
FNH:2
FNDA:2,(anonymous_0)
FNDA:0,(anonymous_1)
FNDA:0,(anonymous_2)
FNDA:3,(anonymous_3)
DA:5,2
DA:6,2
DA:10,0
DA:11,0
DA:15,0
DA:19,3
DA:20,1
DA:23,2
LF:8
LH:5
BRDA:19,0,0,1
BRDA:19,0,1,2
BRF:2
BRH:2
end_of_record
TN:
SF:D:\MovieApp\src\components\Footer\Footer.js
FN:6,Footer
FNF:1
FNH:1
FNDA:1,Footer
DA:7,1
LF:1
LH:1
BRF:0
BRH:0
end_of_record
TN:
SF:D:\MovieApp\src\components\Header\Header.js
FN:8,Header
FNF:1
FNH:1
FNDA:1,Header
DA:10,1
LF:1
LH:1
BRF:0
BRH:0
end_of_record
TN:
SF:D:\MovieApp\src\components\Logo\Logo.js
FN:6,Logo
FNF:1
FNH:1
FNDA:1,Logo
DA:7,1
LF:1
LH:1
BRF:0
BRH:0
end_of_record
TN:
SF:D:\MovieApp\src\components\Movie\mocks\movieReducerSelector.js
FNF:0
FNH:0
DA:1,1
LF:1
LH:1
BRF:0
BRH:0
end_of_record
TN:
SF:D:\MovieApp\src\components\Movie\selectors\index.js
FN:3,(anonymous_0)
FN:7,(anonymous_1)
FN:12,(anonymous_2)
FNF:3
FNH:3
FNDA:2,(anonymous_0)
FNDA:1,(anonymous_1)
FNDA:1,(anonymous_2)
DA:3,2
DA:5,2
DA:7,1
DA:10,2
DA:12,1
LF:5
LH:5
BRF:0
BRH:0
end_of_record
TN:
SF:D:\MovieApp\src\components\MoviePreview\MoviePreview.js
FN:8,MoviePreview
FNF:1
FNH:1
FNDA:1,MoviePreview
DA:9,1
DA:10,1
DA:11,1
LF:3
LH:3
BRF:0
BRH:0
end_of_record
TN:
SF:D:\MovieApp\src\components\MoviePreviews\MoviePreviews.js
FN:7,MoviePreviews
FN:14,(anonymous_1)
FNF:2
FNH:2
FNDA:2,MoviePreviews
FNDA:2,(anonymous_1)
DA:8,2
DA:9,1
DA:12,1
DA:15,2
LF:4
LH:4
BRDA:8,0,0,1
BRDA:8,0,1,1
BRF:2
BRH:2
end_of_record
TN:
SF:D:\MovieApp\src\components\MoviePreviews\mocks\movieList.js
FNF:0
FNH:0
DA:1,1
LF:1
LH:1
BRF:0
BRH:0
end_of_record
TN:
SF:D:\MovieApp\src\components\Search\Search.js
FN:8,(anonymous_0)
FN:16,(anonymous_1)
FN:20,(anonymous_2)
FN:26,(anonymous_3)
FN:34,(anonymous_4)
FN:54,(anonymous_5)
FN:62,(anonymous_6)
FNF:7
FNH:6
FNDA:2,(anonymous_0)
FNDA:2,(anonymous_1)
FNDA:1,(anonymous_2)
FNDA:0,(anonymous_3)
FNDA:5,(anonymous_4)
FNDA:1,(anonymous_5)
FNDA:1,(anonymous_6)
DA:9,2
DA:10,2
DA:17,2
DA:21,1
DA:27,0
DA:28,0
DA:29,0
DA:30,0
DA:35,5
DA:54,1
DA:62,1
LF:11
LH:7
BRDA:28,0,0,0
BRDA:28,0,1,0
BRF:2
BRH:0
end_of_record
TN:
SF:D:\MovieApp\src\components\SimilarResults\SimilarResults.js
FN:8,SimilarResults
FN:18,(anonymous_1)
FNF:2
FNH:1
FNDA:2,SimilarResults
FNDA:0,(anonymous_1)
DA:9,2
DA:10,1
DA:13,1
DA:18,1
LF:4
LH:4
BRDA:9,0,0,1
BRDA:9,0,1,1
BRF:2
BRH:2
end_of_record
TN:
SF:D:\MovieApp\src\components\SimilarResults\mocks\movieList.js
FNF:0
FNH:0
DA:1,1
LF:1
LH:1
BRF:0
BRH:0
end_of_record
TN:
SF:D:\MovieApp\src\utils\helpers.js
FN:1,(anonymous_0)
FN:5,(anonymous_1)
FN:6,(anonymous_2)
FNF:3
FNH:3
FNDA:3,(anonymous_0)
FNDA:1,(anonymous_1)
FNDA:3,(anonymous_2)
DA:1,4
DA:2,3
DA:5,4
DA:6,3
LF:4
LH:4
BRF:0
BRH:0
end_of_record
